#
# There is insufficient memory for the Java Runtime Environment to continue.
# Native memory allocation (malloc) failed to allocate 32744 bytes for ChunkPool::allocate
# Possible reasons:
#   The system is out of physical RAM or swap space
#   In 32 bit mode, the process size limit was hit
# Possible solutions:
#   Reduce memory load on the system
#   Increase physical memory or swap space
#   Check if swap backing store is full
#   Use 64 bit Java on a 64 bit OS
#   Decrease Java heap size (-Xmx/-Xms)
#   Decrease number of Java threads
#   Decrease Java thread stack sizes (-Xss)
#   Set larger code cache with -XX:ReservedCodeCacheSize=
# This output file may be truncated or incomplete.
#
#  Out of Memory Error (allocation.cpp:273), pid=5636, tid=0x00000000000011c4
#
# JRE version: OpenJDK Runtime Environment (8.0_112-b06) (build 1.8.0_112-release-b06)
# Java VM: OpenJDK 64-Bit Server VM (25.112-b06 mixed mode windows-amd64 compressed oops)
# Failed to write core dump. Minidumps are not enabled by default on client versions of Windows
#

---------------  T H R E A D  ---------------

Current thread (0x0000000014d5b000):  JavaThread "C1 CompilerThread2" daemon [_thread_in_native, id=4548, stack(0x0000000016560000,0x0000000016660000)]

Stack: [0x0000000016560000,0x0000000016660000]
[error occurred during error reporting (printing stack bounds), id 0xc0000005]

Native frames: (J=compiled Java code, j=interpreted, Vv=VM code, C=native code)


Current CompileTask:
C1:    620 1223       3       com.android.dx.ssa.SsaConverter::placePhiFunctions (394 bytes)


---------------  P R O C E S S  ---------------

Java Threads: ( => current thread )
  0x000000001692a000 JavaThread "pool-2-thread-4" [_thread_blocked, id=1048, stack(0x0000000017060000,0x0000000017160000)]
  0x0000000016929000 JavaThread "pool-2-thread-3" [_thread_blocked, id=716, stack(0x0000000016f60000,0x0000000017060000)]
  0x0000000016928800 JavaThread "pool-2-thread-2" [_thread_in_vm, id=3784, stack(0x0000000016e60000,0x0000000016f60000)]
  0x0000000016924800 JavaThread "pool-3-thread-1" [_thread_blocked, id=10048, stack(0x0000000016d60000,0x0000000016e60000)]
  0x0000000016924000 JavaThread "pool-2-thread-1" [_thread_blocked, id=404, stack(0x0000000016c60000,0x0000000016d60000)]
  0x0000000016661800 JavaThread "Service Thread" daemon [_thread_blocked, id=3112, stack(0x0000000016a60000,0x0000000016b60000)]
=>0x0000000014d5b000 JavaThread "C1 CompilerThread2" daemon [_thread_in_native, id=4548, stack(0x0000000016560000,0x0000000016660000)]
  0x0000000014cf7800 JavaThread "C2 CompilerThread1" daemon [_thread_in_native, id=8804, stack(0x0000000016460000,0x0000000016560000)]
  0x0000000014d06800 JavaThread "C2 CompilerThread0" daemon [_thread_in_native, id=1548, stack(0x0000000016360000,0x0000000016460000)]
  0x0000000014d05000 JavaThread "Attach Listener" daemon [_thread_blocked, id=6244, stack(0x0000000016260000,0x0000000016360000)]
  0x0000000014d04000 JavaThread "Signal Dispatcher" daemon [_thread_blocked, id=9376, stack(0x0000000016160000,0x0000000016260000)]
  0x0000000002625800 JavaThread "Finalizer" daemon [_thread_blocked, id=2996, stack(0x0000000015f50000,0x0000000016050000)]
  0x0000000002620000 JavaThread "Reference Handler" daemon [_thread_blocked, id=6960, stack(0x0000000015e50000,0x0000000015f50000)]
  0x0000000002530800 JavaThread "main" [_thread_blocked, id=7484, stack(0x0000000002320000,0x0000000002420000)]

Other Threads:
  0x0000000014cc3800 VMThread [stack: 0x0000000015d50000,0x0000000015e50000] [id=7808]
  0x0000000016663800 WatcherThread [stack: 0x0000000016b60000,0x0000000016c60000] [id=1412]

VM state:not at safepoint (normal execution)

VM Mutex/Monitor currently owned by a thread: None

Heap:
 PSYoungGen      total 38400K, used 16630K [0x00000000eab00000, 0x00000000ed580000, 0x0000000100000000)
  eden space 33280K, 34% used [0x00000000eab00000,0x00000000eb642810,0x00000000ecb80000)
  from space 5120K, 99% used [0x00000000ecb80000,0x00000000ed07b370,0x00000000ed080000)
  to   space 5120K, 0% used [0x00000000ed080000,0x00000000ed080000,0x00000000ed580000)
 ParOldGen       total 87552K, used 1250K [0x00000000c0000000, 0x00000000c5580000, 0x00000000eab00000)
  object space 87552K, 1% used [0x00000000c0000000,0x00000000c0138a18,0x00000000c5580000)
 Metaspace       used 5974K, capacity 6960K, committed 7040K, reserved 1056768K
  class space    used 578K, capacity 616K, committed 640K, reserved 1048576K

Card table byte_map: [0x00000000119f0000,0x0000000011c00000] byte_map_base: 0x00000000113f0000

Marking Bits: (ParMarkBitMap*) 0x00000000599218f0
 Begin Bits: [0x0000000012160000, 0x0000000013160000)
 End Bits:   [0x0000000013160000, 0x0000000014160000)

Polling page: 0x00000000007f0000

CodeCache: size=245760Kb used=4568Kb max_used=4568Kb free=241191Kb
 bounds [0x0000000002630000, 0x0000000002ab0000, 0x0000000011630000]
 total_blobs=1473 nmethods=1205 adapters=182
 compilation: enabled

Compilation events (10 events):
Event: 0.618 Thread 0x0000000014d5b000 nmethod 1199 0x0000000002aa4510 code [0x0000000002aa48c0, 0x0000000002aa6d78]
Event: 0.618 Thread 0x0000000014d5b000 1209       3       java.util.HashMap::<init> (8 bytes)
Event: 0.618 Thread 0x0000000014d5b000 nmethod 1209 0x0000000002aa89d0 code [0x0000000002aa8b60, 0x0000000002aa8ce8]
Event: 0.618 Thread 0x0000000014d5b000 1212       3       com.android.dx.rop.cst.CstBaseMethodRef::<init> (31 bytes)
Event: 0.618 Thread 0x0000000014d5b000 nmethod 1212 0x0000000002aa8d90 code [0x0000000002aa8f00, 0x0000000002aa92b8]
Event: 0.618 Thread 0x0000000014d5b000 1210       3       com.android.dx.ssa.back.FirstFitLocalCombiningAllocator::findRopRegForLocal (74 bytes)
Event: 0.618 Thread 0x0000000014d5b000 nmethod 1210 0x0000000002aa93d0 code [0x0000000002aa95a0, 0x0000000002aa9c88]
Event: 0.618 Thread 0x0000000014d5b000 1219       3       com.android.dx.ssa.BasicRegisterMapper::<init> (17 bytes)
Event: 0.618 Thread 0x0000000014d5b000 nmethod 1219 0x0000000002aa9f10 code [0x0000000002aaa080, 0x0000000002aaa348]
Event: 0.618 Thread 0x0000000014d5b000 1223       3       com.android.dx.ssa.SsaConverter::placePhiFunctions (394 bytes)

GC Heap History (2 events):
Event: 0.496 GC heap before
{Heap before GC invocations=1 (full 0):
 PSYoungGen      total 38400K, used 33280K [0x00000000eab00000, 0x00000000ed580000, 0x0000000100000000)
  eden space 33280K, 100% used [0x00000000eab00000,0x00000000ecb80000,0x00000000ecb80000)
  from space 5120K, 0% used [0x00000000ed080000,0x00000000ed080000,0x00000000ed580000)
  to   space 5120K, 0% used [0x00000000ecb80000,0x00000000ecb80000,0x00000000ed080000)
 ParOldGen       total 87552K, used 0K [0x00000000c0000000, 0x00000000c5580000, 0x00000000eab00000)
  object space 87552K, 0% used [0x00000000c0000000,0x00000000c0000000,0x00000000c5580000)
 Metaspace       used 5873K, capacity 6832K, committed 7040K, reserved 1056768K
  class space    used 578K, capacity 616K, committed 640K, reserved 1048576K
Event: 0.505 GC heap after
Heap after GC invocations=1 (full 0):
 PSYoungGen      total 38400K, used 5100K [0x00000000eab00000, 0x00000000ed580000, 0x0000000100000000)
  eden space 33280K, 0% used [0x00000000eab00000,0x00000000eab00000,0x00000000ecb80000)
  from space 5120K, 99% used [0x00000000ecb80000,0x00000000ed07b370,0x00000000ed080000)
  to   space 5120K, 0% used [0x00000000ed080000,0x00000000ed080000,0x00000000ed580000)
 ParOldGen       total 87552K, used 1250K [0x00000000c0000000, 0x00000000c5580000, 0x00000000eab00000)
  object space 87552K, 1% used [0x00000000c0000000,0x00000000c0138a18,0x00000000c5580000)
 Metaspace       used 5873K, capacity 6832K, committed 7040K, reserved 1056768K
  class space    used 578K, capacity 616K, committed 640K, reserved 1048576K
}

Deoptimization events (3 events):
Event: 0.177 Thread 0x0000000002530800 Uncommon trap: reason=unstable_if action=reinterpret pc=0x00000000027789dc method=java.lang.String.indexOf(II)I @ 49
Event: 0.406 Thread 0x0000000016929000 Uncommon trap: reason=null_check action=make_not_entrant pc=0x00000000028d459c method=com.android.dx.ssa.SsaRenamer.getLocalForNewReg(I)Lcom/android/dx/rop/code/LocalItem; @ 19
Event: 0.415 Thread 0x0000000016924000 Uncommon trap: reason=unstable_if action=reinterpret pc=0x00000000028bc2c4 method=com.android.dx.rop.code.RegisterSpec.equals(ILcom/android/dx/rop/type/TypeBearer;Lcom/android/dx/rop/code/LocalItem;)Z @ 42

Internal exceptions (3 events):
Event: 0.027 Thread 0x0000000002530800 Exception <a 'java/lang/NoSuchMethodError': Method sun.misc.Unsafe.defineClass(Ljava/lang/String;[BII)Ljava/lang/Class; name or signature does not match> (0x00000000eab07c78) thrown at [C:\src\android\AOSP-openjdk\external\jetbrains\jdk\hotspot\src\share\vóÔ-&œ?
Event: 0.027 Thread 0x0000000002530800 Exception <a 'java/lang/NoSuchMethodError': Method sun.misc.Unsafe.prefetchRead(Ljava/lang/Object;J)V name or signature does not match> (0x00000000eab07f60) thrown at [C:\src\android\AOSP-openjdk\external\jetbrains\jdk\hotspot\src\share\vm\prims\jni.cpp, lÇæ„*ÆüÙ?
Event: 0.406 Thread 0x0000000016929000 Implicit null exception at 0x00000000028d15ec to 0x00000000028d4559

Events (10 events):
Event: 0.406 Thread 0x0000000016929000 Uncommon trap: trap_request=0xfffffff4 fr.pc=0x00000000028d459c
Event: 0.406 Thread 0x0000000016929000 DEOPT PACKING pc=0x00000000028d459c sp=0x000000001705e570
Event: 0.406 Thread 0x0000000016929000 DEOPT UNPACKING pc=0x000000000267556a sp=0x000000001705e3c8 mode 2
Event: 0.411 loading class com/android/dx/dex/file/FieldAnnotationStruct
Event: 0.411 loading class com/android/dx/dex/file/FieldAnnotationStruct done
Event: 0.415 Thread 0x0000000016924000 Uncommon trap: trap_request=0xffffff65 fr.pc=0x00000000028bc2c4
Event: 0.415 Thread 0x0000000016924000 DEOPT PACKING pc=0x00000000028bc2c4 sp=0x0000000016d5e800
Event: 0.415 Thread 0x0000000016924000 DEOPT UNPACKING pc=0x000000000267556a sp=0x0000000016d5e788 mode 2
Event: 0.445 Executing VM operation: ParallelGCFailedAllocation
Event: 0.505 Executing VM operation: ParallelGCFailedAllocation done


Dynamic libraries:
0x00007ff71e880000 - 0x00007ff71e8b1000 	C:\Program Files\Android\Android Studio\jre\bin\java.exe
0x00007ffad98b0000 - 0x00007ffad9a8b000 	C:\Windows\SYSTEM32\ntdll.dll
0x00007ffad9340000 - 0x00007ffad93ee000 	C:\Windows\System32\KERNEL32.DLL
0x00007ffad6a50000 - 0x00007ffad6c99000 	C:\Windows\System32\KERNELBASE.dll
0x00007ffad90a0000 - 0x00007ffad9141000 	C:\Windows\System32\ADVAPI32.dll
0x00007ffad7090000 - 0x00007ffad712d000 	C:\Windows\System32\msvcrt.dll
0x00007ffad9150000 - 0x00007ffad91a9000 	C:\Windows\System32\sechost.dll
0x00007ffad9210000 - 0x00007ffad9335000 	C:\Windows\System32\RPCRT4.dll
0x00007ffad6e80000 - 0x00007ffad6fca000 	C:\Windows\System32\USER32.dll
0x00007ffad5ff0000 - 0x00007ffad600e000 	C:\Windows\System32\win32u.dll
0x00007ffad8650000 - 0x00007ffad8677000 	C:\Windows\System32\GDI32.dll
0x00007ffad6010000 - 0x00007ffad6199000 	C:\Windows\System32\gdi32full.dll
0x00007ffad61a0000 - 0x00007ffad623a000 	C:\Windows\System32\msvcp_win.dll
0x00007ffad6d10000 - 0x00007ffad6e06000 	C:\Windows\System32\ucrtbase.dll
0x00007fface260000 - 0x00007fface4c7000 	C:\Windows\WinSxS\amd64_microsoft.windows.common-controls_6595b64144ccf1df_6.0.15063.0_none_108e4f62dfe5d999\COMCTL32.dll
0x00007ffad8960000 - 0x00007ffad8c59000 	C:\Windows\System32\combase.dll
0x00007ffad6ca0000 - 0x00007ffad6d0a000 	C:\Windows\System32\bcryptPrimitives.dll
0x00007ffad8680000 - 0x00007ffad86ad000 	C:\Windows\System32\IMM32.DLL
0x0000000058fa0000 - 0x0000000059072000 	C:\Program Files\Android\Android Studio\jre\jre\bin\msvcr100.dll
0x0000000059160000 - 0x000000005999c000 	C:\Program Files\Android\Android Studio\jre\jre\bin\server\jvm.dll
0x00007ffad6e70000 - 0x00007ffad6e78000 	C:\Windows\System32\PSAPI.DLL
0x00007ffacf2f0000 - 0x00007ffacf2f9000 	C:\Windows\SYSTEM32\WSOCK32.dll
0x00007ffad87a0000 - 0x00007ffad880c000 	C:\Windows\System32\WS2_32.dll
0x00007ffad41e0000 - 0x00007ffad4203000 	C:\Windows\SYSTEM32\WINMM.dll
0x00007ffad1580000 - 0x00007ffad158a000 	C:\Windows\SYSTEM32\VERSION.dll
0x00007ffad40a0000 - 0x00007ffad40cb000 	C:\Windows\SYSTEM32\WINMMBASE.dll
0x00007ffad5dd0000 - 0x00007ffad5e19000 	C:\Windows\System32\cfgmgr32.dll
0x00007fface690000 - 0x00007fface69f000 	C:\Program Files\Android\Android Studio\jre\jre\bin\verify.dll
0x00007ffabd920000 - 0x00007ffabd949000 	C:\Program Files\Android\Android Studio\jre\jre\bin\java.dll
0x00007ffacd920000 - 0x00007ffacd936000 	C:\Program Files\Android\Android Studio\jre\jre\bin\zip.dll
0x00007ffad7130000 - 0x00007ffad8567000 	C:\Windows\System32\SHELL32.dll
0x00007ffad6fd0000 - 0x00007ffad707a000 	C:\Windows\System32\shcore.dll
0x00007ffad6240000 - 0x00007ffad6932000 	C:\Windows\System32\windows.storage.dll
0x00007ffad6e10000 - 0x00007ffad6e61000 	C:\Windows\System32\shlwapi.dll
0x00007ffad5d90000 - 0x00007ffad5da1000 	C:\Windows\System32\kernel.appcore.dll
0x00007ffad5d40000 - 0x00007ffad5d8c000 	C:\Windows\System32\powrprof.dll
0x00007ffad5d20000 - 0x00007ffad5d35000 	C:\Windows\System32\profapi.dll

VM Arguments:
jvm_args: -Djava.awt.headless=true -Xmx1024M -Dfile.encoding=windows-1252 -Duser.country=ES -Duser.language=es -Duser.variant 
java_command: com.android.dx.command.Main --dex --force-jumbo --num-threads=4 --multi-dex --output C:\Users\Darklarcel\Desktop\Clothes\app\build\intermediates\transforms\dex\debug\folders\1000\10\classes_8586748180615997bb501ea71247a401b6577daf C:\Users\Darklarcel\.android\build-cache\f546d0bec9006b6e07a520ccc865a47c49b924af\output\jars\classes.jar
java_class_path (initial): C:\Users\Darklarcel\AppData\Local\Android\sdk\build-tools\25.0.0\lib\dx.jar
Launcher Type: SUN_STANDARD

Environment Variables:
PATH=C:\Windows\system32;C:\Windows;C:\Windows\System32\Wbem;C:\Windows\System32\WindowsPowerShell\v1.0\;C:\Program Files (x86)\NVIDIA Corporation\PhysX\Common;C:\Users\Darklarcel\AppData\Local\Microsoft\WindowsApps;
USERNAME=Darklarcel
OS=Windows_NT
PROCESSOR_IDENTIFIER=Intel64 Family 6 Model 60 Stepping 3, GenuineIntel



---------------  S Y S T E M  ---------------

OS: Windows 10.0 , 64 bit Build 15063 (10.0.15063.0)

CPU:total 4 (4 cores per cpu, 1 threads per core) family 6 model 60 stepping 3, cmov, cx8, fxsr, mmx, sse, sse2, sse3, ssse3, sse4.1, sse4.2, popcnt, avx, avx2, aes, clmul, erms, lzcnt, tsc, tscinvbit, bmi1, bmi2

Memory: 4k page, physical 8338132k(1308784k free), swap 8338132k(4128k free)

vm_info: OpenJDK 64-Bit Server VM (25.112-b06) for windows-amd64 JRE (1.8.0_112-release-b06), built on Dec  8 2016 00:54:26 by "builder" with MS VC++ 10.0 (VS2010)

time: Tue Jun 27 17:37:22 2017
elapsed time: 0 seconds (0d 0h 0m 0s)

