#
# There is insufficient memory for the Java Runtime Environment to continue.
# Native memory allocation (malloc) failed to allocate 211856 bytes for Chunk::new
# Possible reasons:
#   The system is out of physical RAM or swap space
#   In 32 bit mode, the process size limit was hit
# Possible solutions:
#   Reduce memory load on the system
#   Increase physical memory or swap space
#   Check if swap backing store is full
#   Use 64 bit Java on a 64 bit OS
#   Decrease Java heap size (-Xmx/-Xms)
#   Decrease number of Java threads
#   Decrease Java thread stack sizes (-Xss)
#   Set larger code cache with -XX:ReservedCodeCacheSize=
# This output file may be truncated or incomplete.
#
#  Out of Memory Error (allocation.cpp:390), pid=7044, tid=0x0000000000000bdc
#
# JRE version: OpenJDK Runtime Environment (8.0_112-b06) (build 1.8.0_112-release-b06)
# Java VM: OpenJDK 64-Bit Server VM (25.112-b06 mixed mode windows-amd64 compressed oops)
# Failed to write core dump. Minidumps are not enabled by default on client versions of Windows
#

---------------  T H R E A D  ---------------

Current thread (0x0000000014c47800):  JavaThread "C2 CompilerThread1" daemon [_thread_in_native, id=3036, stack(0x00000000163c0000,0x00000000164c0000)]

Stack: [0x00000000163c0000,0x00000000164c0000]
[error occurred during error reporting (printing stack bounds), id 0xc0000005]

Native frames: (J=compiled Java code, j=interpreted, Vv=VM code, C=native code)


Current CompileTask:
C2:    698  813       4       com.android.dx.ssa.back.LivenessAnalyzer::handleTailRecursion (94 bytes)


---------------  P R O C E S S  ---------------

Java Threads: ( => current thread )
  0x0000000016724000 JavaThread "pool-2-thread-4" [_thread_blocked, id=5740, stack(0x0000000016fc0000,0x00000000170c0000)]
  0x000000001671d800 JavaThread "pool-2-thread-3" [_thread_blocked, id=5724, stack(0x0000000016ec0000,0x0000000016fc0000)]
  0x000000001671d000 JavaThread "pool-2-thread-2" [_thread_blocked, id=4032, stack(0x0000000016dc0000,0x0000000016ec0000)]
  0x0000000016712800 JavaThread "pool-3-thread-1" [_thread_blocked, id=4672, stack(0x0000000016cc0000,0x0000000016dc0000)]
  0x0000000016712000 JavaThread "pool-2-thread-1" [_thread_blocked, id=4564, stack(0x0000000016bc0000,0x0000000016cc0000)]
  0x00000000165c9800 JavaThread "Service Thread" daemon [_thread_blocked, id=1632, stack(0x00000000169c0000,0x0000000016ac0000)]
  0x0000000014c4b000 JavaThread "C1 CompilerThread2" daemon [_thread_in_vm, id=7720, stack(0x00000000164c0000,0x00000000165c0000)]
=>0x0000000014c47800 JavaThread "C2 CompilerThread1" daemon [_thread_in_native, id=3036, stack(0x00000000163c0000,0x00000000164c0000)]
  0x0000000014c56800 JavaThread "C2 CompilerThread0" daemon [_thread_in_native, id=4964, stack(0x00000000162c0000,0x00000000163c0000)]
  0x0000000014c55800 JavaThread "Attach Listener" daemon [_thread_blocked, id=9096, stack(0x00000000161c0000,0x00000000162c0000)]
  0x0000000014c54000 JavaThread "Signal Dispatcher" daemon [_thread_blocked, id=6552, stack(0x00000000160c0000,0x00000000161c0000)]
  0x0000000002575800 JavaThread "Finalizer" daemon [_thread_blocked, id=4716, stack(0x0000000015eb0000,0x0000000015fb0000)]
  0x0000000002570000 JavaThread "Reference Handler" daemon [_thread_blocked, id=8332, stack(0x0000000015db0000,0x0000000015eb0000)]
  0x0000000002480800 JavaThread "main" [_thread_blocked, id=5228, stack(0x0000000002380000,0x0000000002480000)]

Other Threads:
  0x0000000014c13800 VMThread [stack: 0x0000000015cb0000,0x0000000015db0000] [id=9916]
  0x00000000165c1800 WatcherThread [stack: 0x0000000016ac0000,0x0000000016bc0000] [id=10124]

VM state:not at safepoint (normal execution)

VM Mutex/Monitor currently owned by a thread: None

Heap:
 PSYoungGen      total 38400K, used 18020K [0x00000000eab00000, 0x00000000ed580000, 0x0000000100000000)
  eden space 33280K, 54% used [0x00000000eab00000,0x00000000ebc99030,0x00000000ecb80000)
  from space 5120K, 0% used [0x00000000ed080000,0x00000000ed080000,0x00000000ed580000)
  to   space 5120K, 0% used [0x00000000ecb80000,0x00000000ecb80000,0x00000000ed080000)
 ParOldGen       total 87552K, used 0K [0x00000000c0000000, 0x00000000c5580000, 0x00000000eab00000)
  object space 87552K, 0% used [0x00000000c0000000,0x00000000c0000000,0x00000000c5580000)
 Metaspace       used 5662K, capacity 6704K, committed 6784K, reserved 1056768K
  class space    used 571K, capacity 616K, committed 640K, reserved 1048576K

Card table byte_map: [0x0000000011940000,0x0000000011b50000] byte_map_base: 0x0000000011340000

Marking Bits: (ParMarkBitMap*) 0x00000000599218f0
 Begin Bits: [0x00000000120b0000, 0x00000000130b0000)
 End Bits:   [0x00000000130b0000, 0x00000000140b0000)

Polling page: 0x0000000000a60000

CodeCache: size=245760Kb used=3188Kb max_used=3188Kb free=242571Kb
 bounds [0x0000000002580000, 0x00000000028a0000, 0x0000000011580000]
 total_blobs=1073 nmethods=805 adapters=182
 compilation: enabled

Compilation events (10 events):
Event: 0.696 Thread 0x0000000014c4b000 nmethod 786 0x0000000002893cd0 code [0x0000000002893e60, 0x00000000028942c8]
Event: 0.696 Thread 0x0000000014c4b000  809       3       com.android.dx.rop.cst.CstLiteral32::equals (35 bytes)
Event: 0.696 Thread 0x0000000014c4b000 nmethod 809 0x0000000002893610 code [0x0000000002893780, 0x0000000002893bd0]
Event: 0.696 Thread 0x0000000014c4b000  808       1       com.android.dx.ssa.PhiInsn::getOriginalRopInsn (2 bytes)
Event: 0.696 Thread 0x0000000014c4b000 nmethod 808 0x0000000002893350 code [0x00000000028934a0, 0x00000000028935b0]
Event: 0.696 Thread 0x0000000014c4b000  798       3       com.android.dx.ssa.SsaBasicBlock::removeAllPhiInsns (18 bytes)
Event: 0.697 Thread 0x0000000014c4b000 nmethod 798 0x0000000002892850 code [0x0000000002892a20, 0x0000000002892fc8]
Event: 0.697 Thread 0x0000000014c4b000  776       3       com.android.dx.rop.cst.CstString::getType (4 bytes)
Event: 0.697 Thread 0x0000000014c4b000 nmethod 776 0x0000000002892510 code [0x0000000002892660, 0x00000000028927b0]
Event: 0.697 Thread 0x0000000014c4b000  784       3       com.android.dx.dex.code.RopToDop::dopFor (792 bytes)

GC Heap History (0 events):
No events

Deoptimization events (4 events):
Event: 0.206 Thread 0x0000000002480800 Uncommon trap: reason=unstable_if action=reinterpret pc=0x00000000026c8554 method=java.lang.String.indexOf(II)I @ 49
Event: 0.610 Thread 0x0000000016712000 Uncommon trap: reason=class_check action=maybe_recompile pc=0x00000000027d5070 method=com.android.dx.ssa.NormalSsaInsn.accept(Lcom/android/dx/ssa/SsaInsn$Visitor;)V @ 9
Event: 0.610 Thread 0x0000000016712000 Uncommon trap: reason=class_check action=maybe_recompile pc=0x00000000027d5070 method=com.android.dx.ssa.NormalSsaInsn.accept(Lcom/android/dx/ssa/SsaInsn$Visitor;)V @ 9
Event: 0.611 Thread 0x0000000016712000 Uncommon trap: reason=class_check action=maybe_recompile pc=0x00000000027d5070 method=com.android.dx.ssa.NormalSsaInsn.accept(Lcom/android/dx/ssa/SsaInsn$Visitor;)V @ 9

Internal exceptions (2 events):
Event: 0.044 Thread 0x0000000002480800 Exception <a 'java/lang/NoSuchMethodError': Method sun.misc.Unsafe.defineClass(Ljava/lang/String;[BII)Ljava/lang/Class; name or signature does not match> (0x00000000eab07c78) thrown at [C:\src\android\AOSP-openjdk\external\jetbrains\jdk\hotspot\src\share\v†s[iºK¦?
Event: 0.044 Thread 0x0000000002480800 Exception <a 'java/lang/NoSuchMethodError': Method sun.misc.Unsafe.prefetchRead(Ljava/lang/Object;J)V name or signature does not match> (0x00000000eab07f60) thrown at [C:\src\android\AOSP-openjdk\external\jetbrains\jdk\hotspot\src\share\vm\prims\jni.cpp, l

Events (10 events):
Event: 0.610 Thread 0x0000000016712000 DEOPT UNPACKING pc=0x00000000025c556a sp=0x0000000016cbe7d0 mode 2
Event: 0.611 Thread 0x0000000016712000 Uncommon trap: trap_request=0xffffffde fr.pc=0x00000000027d5070
Event: 0.611 Thread 0x0000000016712000 DEOPT PACKING pc=0x00000000027d5070 sp=0x0000000016cbe730
Event: 0.611 Thread 0x0000000016712000 DEOPT UNPACKING pc=0x00000000025c556a sp=0x0000000016cbe6c0 mode 2
Event: 0.622 Executing VM operation: ForceSafepoint
Event: 0.661 Executing VM operation: ForceSafepoint done
Event: 0.670 loading class com/android/dx/cf/code/BytecodeArray$ConstantParserVisitor
Event: 0.670 loading class com/android/dx/cf/code/BytecodeArray$ConstantParserVisitor done
Event: 0.674 loading class com/android/dx/dex/file/FieldAnnotationStruct
Event: 0.674 loading class com/android/dx/dex/file/FieldAnnotationStruct done


Dynamic libraries:
0x00007ff71e880000 - 0x00007ff71e8b1000 	C:\Program Files\Android\Android Studio\jre\bin\java.exe
0x00007ffad98b0000 - 0x00007ffad9a8b000 	C:\Windows\SYSTEM32\ntdll.dll
0x00007ffad9340000 - 0x00007ffad93ee000 	C:\Windows\System32\KERNEL32.DLL
0x00007ffad6a50000 - 0x00007ffad6c99000 	C:\Windows\System32\KERNELBASE.dll
0x00007ffad90a0000 - 0x00007ffad9141000 	C:\Windows\System32\ADVAPI32.dll
0x00007ffad7090000 - 0x00007ffad712d000 	C:\Windows\System32\msvcrt.dll
0x00007ffad9150000 - 0x00007ffad91a9000 	C:\Windows\System32\sechost.dll
0x00007ffad9210000 - 0x00007ffad9335000 	C:\Windows\System32\RPCRT4.dll
0x00007ffad6e80000 - 0x00007ffad6fca000 	C:\Windows\System32\USER32.dll
0x00007ffad5ff0000 - 0x00007ffad600e000 	C:\Windows\System32\win32u.dll
0x00007ffad8650000 - 0x00007ffad8677000 	C:\Windows\System32\GDI32.dll
0x00007ffad6010000 - 0x00007ffad6199000 	C:\Windows\System32\gdi32full.dll
0x00007ffad61a0000 - 0x00007ffad623a000 	C:\Windows\System32\msvcp_win.dll
0x00007ffad6d10000 - 0x00007ffad6e06000 	C:\Windows\System32\ucrtbase.dll
0x00007fface260000 - 0x00007fface4c7000 	C:\Windows\WinSxS\amd64_microsoft.windows.common-controls_6595b64144ccf1df_6.0.15063.0_none_108e4f62dfe5d999\COMCTL32.dll
0x00007ffad8960000 - 0x00007ffad8c59000 	C:\Windows\System32\combase.dll
0x00007ffad6ca0000 - 0x00007ffad6d0a000 	C:\Windows\System32\bcryptPrimitives.dll
0x00007ffad8680000 - 0x00007ffad86ad000 	C:\Windows\System32\IMM32.DLL
0x0000000058fa0000 - 0x0000000059072000 	C:\Program Files\Android\Android Studio\jre\jre\bin\msvcr100.dll
0x0000000059160000 - 0x000000005999c000 	C:\Program Files\Android\Android Studio\jre\jre\bin\server\jvm.dll
0x00007ffad6e70000 - 0x00007ffad6e78000 	C:\Windows\System32\PSAPI.DLL
0x00007ffacf2f0000 - 0x00007ffacf2f9000 	C:\Windows\SYSTEM32\WSOCK32.dll
0x00007ffad87a0000 - 0x00007ffad880c000 	C:\Windows\System32\WS2_32.dll
0x00007ffad41e0000 - 0x00007ffad4203000 	C:\Windows\SYSTEM32\WINMM.dll
0x00007ffad1580000 - 0x00007ffad158a000 	C:\Windows\SYSTEM32\VERSION.dll
0x00007ffad40a0000 - 0x00007ffad40cb000 	C:\Windows\SYSTEM32\WINMMBASE.dll
0x00007ffad5dd0000 - 0x00007ffad5e19000 	C:\Windows\System32\cfgmgr32.dll
0x00007fface690000 - 0x00007fface69f000 	C:\Program Files\Android\Android Studio\jre\jre\bin\verify.dll
0x00007ffabd920000 - 0x00007ffabd949000 	C:\Program Files\Android\Android Studio\jre\jre\bin\java.dll
0x00007ffacd920000 - 0x00007ffacd936000 	C:\Program Files\Android\Android Studio\jre\jre\bin\zip.dll
0x00007ffad7130000 - 0x00007ffad8567000 	C:\Windows\System32\SHELL32.dll
0x00007ffad6fd0000 - 0x00007ffad707a000 	C:\Windows\System32\shcore.dll
0x00007ffad6240000 - 0x00007ffad6932000 	C:\Windows\System32\windows.storage.dll
0x00007ffad6e10000 - 0x00007ffad6e61000 	C:\Windows\System32\shlwapi.dll
0x00007ffad5d90000 - 0x00007ffad5da1000 	C:\Windows\System32\kernel.appcore.dll
0x00007ffad5d40000 - 0x00007ffad5d8c000 	C:\Windows\System32\powrprof.dll
0x00007ffad5d20000 - 0x00007ffad5d35000 	C:\Windows\System32\profapi.dll

VM Arguments:
jvm_args: -Djava.awt.headless=true -Xmx1024M -Dfile.encoding=windows-1252 -Duser.country=ES -Duser.language=es -Duser.variant 
java_command: com.android.dx.command.Main --dex --force-jumbo --num-threads=4 --multi-dex --output C:\Users\Darklarcel\Desktop\Clothes\app\build\intermediates\transforms\dex\debug\folders\1000\10000\instant-run_aa6a35ddcff6a191de097d9c2c75a734ad4a07f8 C:\Users\Darklarcel\Desktop\Clothes\app\build\intermediates\incremental-runtime-classes\debug\instant-run.jar
java_class_path (initial): C:\Users\Darklarcel\AppData\Local\Android\sdk\build-tools\25.0.0\lib\dx.jar
Launcher Type: SUN_STANDARD

Environment Variables:
PATH=C:\Windows\system32;C:\Windows;C:\Windows\System32\Wbem;C:\Windows\System32\WindowsPowerShell\v1.0\;C:\Program Files (x86)\NVIDIA Corporation\PhysX\Common;C:\Users\Darklarcel\AppData\Local\Microsoft\WindowsApps;
USERNAME=Darklarcel
OS=Windows_NT
PROCESSOR_IDENTIFIER=Intel64 Family 6 Model 60 Stepping 3, GenuineIntel



---------------  S Y S T E M  ---------------

OS: Windows 10.0 , 64 bit Build 15063 (10.0.15063.0)

CPU:total 4 (4 cores per cpu, 1 threads per core) family 6 model 60 stepping 3, cmov, cx8, fxsr, mmx, sse, sse2, sse3, ssse3, sse4.1, sse4.2, popcnt, avx, avx2, aes, clmul, erms, lzcnt, tsc, tscinvbit, bmi1, bmi2

Memory: 4k page, physical 8338132k(1319276k free), swap 8338132k(3008k free)

vm_info: OpenJDK 64-Bit Server VM (25.112-b06) for windows-amd64 JRE (1.8.0_112-release-b06), built on Dec  8 2016 00:54:26 by "builder" with MS VC++ 10.0 (VS2010)

time: Tue Jun 27 17:37:55 2017
elapsed time: 0 seconds (0d 0h 0m 0s)

