#
# There is insufficient memory for the Java Runtime Environment to continue.
# Native memory allocation (malloc) failed to allocate 32784 bytes for Chunk::new
# Possible reasons:
#   The system is out of physical RAM or swap space
#   In 32 bit mode, the process size limit was hit
# Possible solutions:
#   Reduce memory load on the system
#   Increase physical memory or swap space
#   Check if swap backing store is full
#   Use 64 bit Java on a 64 bit OS
#   Decrease Java heap size (-Xmx/-Xms)
#   Decrease number of Java threads
#   Decrease Java thread stack sizes (-Xss)
#   Set larger code cache with -XX:ReservedCodeCacheSize=
# This output file may be truncated or incomplete.
#
#  Out of Memory Error (allocation.cpp:390), pid=8632, tid=0x0000000000000e18
#
# JRE version: OpenJDK Runtime Environment (8.0_112-b06) (build 1.8.0_112-release-b06)
# Java VM: OpenJDK 64-Bit Server VM (25.112-b06 mixed mode windows-amd64 compressed oops)
# Failed to write core dump. Minidumps are not enabled by default on client versions of Windows
#

---------------  T H R E A D  ---------------

Current thread (0x00000000152e7800):  JavaThread "C2 CompilerThread0" daemon [_thread_in_native, id=3608, stack(0x0000000016950000,0x0000000016a50000)]

Stack: [0x0000000016950000,0x0000000016a50000]
[error occurred during error reporting (printing stack bounds), id 0xc0000005]

Native frames: (J=compiled Java code, j=interpreted, Vv=VM code, C=native code)


Current CompileTask:
C2:    610  805   !   4       com.android.dx.rop.code.RegisterSpec::intern (70 bytes)


---------------  P R O C E S S  ---------------

Java Threads: ( => current thread )
  0x0000000016e99000 JavaThread "pool-2-thread-4" [_thread_blocked, id=3304, stack(0x0000000017650000,0x0000000017750000)]
  0x0000000016e94800 JavaThread "pool-2-thread-3" [_thread_in_Java, id=5476, stack(0x0000000017550000,0x0000000017650000)]
  0x0000000016da1000 JavaThread "pool-2-thread-2" [_thread_in_vm, id=9784, stack(0x0000000017450000,0x0000000017550000)]
  0x0000000016da0000 JavaThread "pool-3-thread-1" [_thread_blocked, id=2896, stack(0x0000000017350000,0x0000000017450000)]
  0x0000000016da4000 JavaThread "pool-2-thread-1" [_thread_blocked, id=9048, stack(0x0000000017250000,0x0000000017350000)]
  0x0000000016c51800 JavaThread "Service Thread" daemon [_thread_blocked, id=8716, stack(0x0000000017050000,0x0000000017150000)]
  0x0000000015338000 JavaThread "C1 CompilerThread2" daemon [_thread_in_native, id=4436, stack(0x0000000016b50000,0x0000000016c50000)]
  0x00000000152d7800 JavaThread "C2 CompilerThread1" daemon [_thread_blocked, id=9580, stack(0x0000000016a50000,0x0000000016b50000)]
=>0x00000000152e7800 JavaThread "C2 CompilerThread0" daemon [_thread_in_native, id=3608, stack(0x0000000016950000,0x0000000016a50000)]
  0x00000000152e6000 JavaThread "Attach Listener" daemon [_thread_blocked, id=8184, stack(0x0000000016850000,0x0000000016950000)]
  0x00000000152e5000 JavaThread "Signal Dispatcher" daemon [_thread_blocked, id=7492, stack(0x0000000016750000,0x0000000016850000)]
  0x0000000002be5800 JavaThread "Finalizer" daemon [_thread_blocked, id=700, stack(0x0000000016540000,0x0000000016640000)]
  0x0000000002be0000 JavaThread "Reference Handler" daemon [_thread_blocked, id=9888, stack(0x0000000016440000,0x0000000016540000)]
  0x0000000002af0800 JavaThread "main" [_thread_in_Java, id=4676, stack(0x00000000029c0000,0x0000000002ac0000)]

Other Threads:
  0x00000000152a4800 VMThread [stack: 0x0000000016340000,0x0000000016440000] [id=3240]
  0x0000000016c53800 WatcherThread [stack: 0x0000000017150000,0x0000000017250000] [id=4444]

VM state:not at safepoint (normal execution)

VM Mutex/Monitor currently owned by a thread: None

Heap:
 PSYoungGen      total 38400K, used 17344K [0x00000000eab00000, 0x00000000ed580000, 0x0000000100000000)
  eden space 33280K, 52% used [0x00000000eab00000,0x00000000ebbf0000,0x00000000ecb80000)
  from space 5120K, 0% used [0x00000000ed080000,0x00000000ed080000,0x00000000ed580000)
  to   space 5120K, 0% used [0x00000000ecb80000,0x00000000ecb80000,0x00000000ed080000)
 ParOldGen       total 87552K, used 0K [0x00000000c0000000, 0x00000000c5580000, 0x00000000eab00000)
  object space 87552K, 0% used [0x00000000c0000000,0x00000000c0000000,0x00000000c5580000)
 Metaspace       used 5505K, capacity 6704K, committed 6784K, reserved 1056768K
  class space    used 550K, capacity 616K, committed 640K, reserved 1048576K

Card table byte_map: [0x0000000011fb0000,0x00000000121c0000] byte_map_base: 0x00000000119b0000

Marking Bits: (ParMarkBitMap*) 0x00000000599218f0
 Begin Bits: [0x0000000012720000, 0x0000000013720000)
 End Bits:   [0x0000000013720000, 0x0000000014720000)

Polling page: 0x00000000010a0000

CodeCache: size=245760Kb used=3330Kb max_used=3330Kb free=242429Kb
 bounds [0x0000000002bf0000, 0x0000000002f40000, 0x0000000011bf0000]
 total_blobs=1057 nmethods=797 adapters=174
 compilation: enabled

Compilation events (10 events):
Event: 0.608 Thread 0x0000000015338000  791   !   3       com.android.dx.cf.code.Simulator::simulate (74 bytes)
Event: 0.608 Thread 0x00000000152d7800 nmethod 806 0x0000000002f17950 code [0x0000000002f17aa0, 0x0000000002f17d18]
Event: 0.608 Thread 0x00000000152d7800  807  s    4       java.util.Vector::removeElementAt (115 bytes)
Event: 0.608 Thread 0x0000000015338000 nmethod 791 0x0000000002f16a50 code [0x0000000002f16c20, 0x0000000002f174d8]
Event: 0.608 Thread 0x0000000015338000  799       3       com.android.dx.ssa.SsaMethod::isRegALocal (90 bytes)
Event: 0.608 Thread 0x0000000015338000 nmethod 799 0x0000000002f10250 code [0x0000000002f10460, 0x0000000002f110c8]
Event: 0.608 Thread 0x0000000015338000  798       3       com.android.dx.ssa.Dominators::compress (229 bytes)
Event: 0.609 Thread 0x00000000152d7800 nmethod 807 0x0000000002f2e550 code [0x0000000002f2e6a0, 0x0000000002f2e958]
Event: 0.609 Thread 0x0000000015338000 nmethod 798 0x0000000002f2ead0 code [0x0000000002f2ee40, 0x0000000002f30d68]
Event: 0.609 Thread 0x0000000015338000  811       3       com.android.dx.ssa.back.SsaToRop::convertInsns (53 bytes)

GC Heap History (0 events):
No events

Deoptimization events (10 events):
Event: 0.410 Thread 0x0000000016da4000 Uncommon trap: reason=class_check action=maybe_recompile pc=0x0000000002daa898 method=com.android.dx.rop.cst.Constant.compareTo(Ljava/lang/Object;)I @ 2
Event: 0.410 Thread 0x0000000016da4000 Uncommon trap: reason=class_check action=maybe_recompile pc=0x0000000002daa898 method=com.android.dx.rop.cst.Constant.compareTo(Ljava/lang/Object;)I @ 2
Event: 0.410 Thread 0x0000000016da4000 Uncommon trap: reason=unstable_if action=reinterpret pc=0x0000000002dab500 method=com.android.dx.rop.cst.CstMemberRef.compareTo0(Lcom/android/dx/rop/cst/Constant;)I @ 18
Event: 0.410 Thread 0x0000000016da4000 Uncommon trap: reason=unstable_if action=reinterpret pc=0x0000000002dabff8 method=com.android.dx.rop.cst.CstMemberRef.compareTo0(Lcom/android/dx/rop/cst/Constant;)I @ 18
Event: 0.420 Thread 0x0000000016e94800 Uncommon trap: reason=speculate_class_check action=maybe_recompile pc=0x0000000002dc5fb0 method=com.android.dx.rop.cst.Constant.compareTo(Lcom/android/dx/rop/cst/Constant;)I @ 29
Event: 0.420 Thread 0x0000000016e94800 Uncommon trap: reason=speculate_class_check action=maybe_recompile pc=0x0000000002dc5fb0 method=com.android.dx.rop.cst.Constant.compareTo(Lcom/android/dx/rop/cst/Constant;)I @ 29
Event: 0.420 Thread 0x0000000016e94800 Uncommon trap: reason=speculate_class_check action=maybe_recompile pc=0x0000000002dc5fb0 method=com.android.dx.rop.cst.Constant.compareTo(Lcom/android/dx/rop/cst/Constant;)I @ 29
Event: 0.420 Thread 0x0000000016e94800 Uncommon trap: reason=speculate_class_check action=maybe_recompile pc=0x0000000002dc5fb0 method=com.android.dx.rop.cst.Constant.compareTo(Lcom/android/dx/rop/cst/Constant;)I @ 29
Event: 0.489 Thread 0x0000000016da1000 Uncommon trap: reason=unstable_if action=reinterpret pc=0x0000000002e37b24 method=java.util.HashMap.getNode(ILjava/lang/Object;)Ljava/util/HashMap$Node; @ 129
Event: 0.512 Thread 0x0000000016da1000 Uncommon trap: reason=unstable_if action=reinterpret pc=0x0000000002dce070 method=com.android.dx.rop.cst.CstFieldRef.compareTo0(Lcom/android/dx/rop/cst/Constant;)I @ 7

Internal exceptions (2 events):
Event: 0.089 Thread 0x0000000002af0800 Exception <a 'java/lang/NoSuchMethodError': Method sun.misc.Unsafe.defineClass(Ljava/lang/String;[BII)Ljava/lang/Class; name or signature does not match> (0x00000000eab07c78) thrown at [C:\src\android\AOSP-openjdk\external\jetbrains\jdk\hotspot\src\share\vdÓ>àe®¶?
Event: 0.089 Thread 0x0000000002af0800 Exception <a 'java/lang/NoSuchMethodError': Method sun.misc.Unsafe.prefetchRead(Ljava/lang/Object;J)V name or signature does not match> (0x00000000eab07f60) thrown at [C:\src\android\AOSP-openjdk\external\jetbrains\jdk\hotspot\src\share\vm\prims\jni.cpp, l

Events (10 events):
Event: 0.489 Thread 0x0000000016da1000 Uncommon trap: trap_request=0xffffff65 fr.pc=0x0000000002e37b24
Event: 0.489 Thread 0x0000000016da1000 DEOPT PACKING pc=0x0000000002e37b24 sp=0x000000001754e720
Event: 0.489 Thread 0x0000000016da1000 DEOPT UNPACKING pc=0x0000000002c3556a sp=0x000000001754e698 mode 2
Event: 0.512 Thread 0x0000000016da1000 Uncommon trap: trap_request=0xffffff65 fr.pc=0x0000000002dce070
Event: 0.512 Thread 0x0000000016da1000 DEOPT PACKING pc=0x0000000002dce070 sp=0x000000001754efd0
Event: 0.512 Thread 0x0000000016da1000 DEOPT UNPACKING pc=0x0000000002c3556a sp=0x000000001754ee88 mode 2
Event: 0.515 Executing VM operation: ForceSafepoint
Event: 0.516 Executing VM operation: ForceSafepoint done
Event: 0.547 loading class java/util/ArrayList$1
Event: 0.547 loading class java/util/ArrayList$1 done


Dynamic libraries:
0x00007ff71e880000 - 0x00007ff71e8b1000 	C:\Program Files\Android\Android Studio\jre\bin\java.exe
0x00007ffad98b0000 - 0x00007ffad9a8b000 	C:\Windows\SYSTEM32\ntdll.dll
0x00007ffad9340000 - 0x00007ffad93ee000 	C:\Windows\System32\KERNEL32.DLL
0x00007ffad6a50000 - 0x00007ffad6c99000 	C:\Windows\System32\KERNELBASE.dll
0x00007ffad90a0000 - 0x00007ffad9141000 	C:\Windows\System32\ADVAPI32.dll
0x00007ffad7090000 - 0x00007ffad712d000 	C:\Windows\System32\msvcrt.dll
0x00007ffad9150000 - 0x00007ffad91a9000 	C:\Windows\System32\sechost.dll
0x00007ffad9210000 - 0x00007ffad9335000 	C:\Windows\System32\RPCRT4.dll
0x00007ffad6e80000 - 0x00007ffad6fca000 	C:\Windows\System32\USER32.dll
0x00007ffad5ff0000 - 0x00007ffad600e000 	C:\Windows\System32\win32u.dll
0x00007ffad8650000 - 0x00007ffad8677000 	C:\Windows\System32\GDI32.dll
0x00007ffad6010000 - 0x00007ffad6199000 	C:\Windows\System32\gdi32full.dll
0x00007ffad61a0000 - 0x00007ffad623a000 	C:\Windows\System32\msvcp_win.dll
0x00007ffad6d10000 - 0x00007ffad6e06000 	C:\Windows\System32\ucrtbase.dll
0x00007fface260000 - 0x00007fface4c7000 	C:\Windows\WinSxS\amd64_microsoft.windows.common-controls_6595b64144ccf1df_6.0.15063.0_none_108e4f62dfe5d999\COMCTL32.dll
0x00007ffad8960000 - 0x00007ffad8c59000 	C:\Windows\System32\combase.dll
0x00007ffad6ca0000 - 0x00007ffad6d0a000 	C:\Windows\System32\bcryptPrimitives.dll
0x00007ffad8680000 - 0x00007ffad86ad000 	C:\Windows\System32\IMM32.DLL
0x0000000058fa0000 - 0x0000000059072000 	C:\Program Files\Android\Android Studio\jre\jre\bin\msvcr100.dll
0x0000000059160000 - 0x000000005999c000 	C:\Program Files\Android\Android Studio\jre\jre\bin\server\jvm.dll
0x00007ffad6e70000 - 0x00007ffad6e78000 	C:\Windows\System32\PSAPI.DLL
0x00007ffacf2f0000 - 0x00007ffacf2f9000 	C:\Windows\SYSTEM32\WSOCK32.dll
0x00007ffad87a0000 - 0x00007ffad880c000 	C:\Windows\System32\WS2_32.dll
0x00007ffad41e0000 - 0x00007ffad4203000 	C:\Windows\SYSTEM32\WINMM.dll
0x00007ffad1580000 - 0x00007ffad158a000 	C:\Windows\SYSTEM32\VERSION.dll
0x00007ffad40a0000 - 0x00007ffad40cb000 	C:\Windows\SYSTEM32\WINMMBASE.dll
0x00007ffad5dd0000 - 0x00007ffad5e19000 	C:\Windows\System32\cfgmgr32.dll
0x00007fface690000 - 0x00007fface69f000 	C:\Program Files\Android\Android Studio\jre\jre\bin\verify.dll
0x00007ffabd920000 - 0x00007ffabd949000 	C:\Program Files\Android\Android Studio\jre\jre\bin\java.dll
0x00007ffacd920000 - 0x00007ffacd936000 	C:\Program Files\Android\Android Studio\jre\jre\bin\zip.dll
0x00007ffad7130000 - 0x00007ffad8567000 	C:\Windows\System32\SHELL32.dll
0x00007ffad6fd0000 - 0x00007ffad707a000 	C:\Windows\System32\shcore.dll
0x00007ffad6240000 - 0x00007ffad6932000 	C:\Windows\System32\windows.storage.dll
0x00007ffad6e10000 - 0x00007ffad6e61000 	C:\Windows\System32\shlwapi.dll
0x00007ffad5d90000 - 0x00007ffad5da1000 	C:\Windows\System32\kernel.appcore.dll
0x00007ffad5d40000 - 0x00007ffad5d8c000 	C:\Windows\System32\powrprof.dll
0x00007ffad5d20000 - 0x00007ffad5d35000 	C:\Windows\System32\profapi.dll

VM Arguments:
jvm_args: -Djava.awt.headless=true -Xmx1024M -Dfile.encoding=windows-1252 -Duser.country=ES -Duser.language=es -Duser.variant 
java_command: com.android.dx.command.Main --dex --force-jumbo --num-threads=4 --multi-dex --output C:\Users\Darklarcel\Desktop\Clothes\app\build\intermediates\transforms\dex\debug\folders\1000\5\slice_0 C:\Users\Darklarcel\Desktop\Clothes\app\build\intermediates\transforms\instantRunSlicer\debug\folders\1\5\slice_0
java_class_path (initial): C:\Users\Darklarcel\AppData\Local\Android\sdk\build-tools\25.0.0\lib\dx.jar
Launcher Type: SUN_STANDARD

Environment Variables:
PATH=C:\Windows\system32;C:\Windows;C:\Windows\System32\Wbem;C:\Windows\System32\WindowsPowerShell\v1.0\;C:\Program Files (x86)\NVIDIA Corporation\PhysX\Common;C:\Users\Darklarcel\AppData\Local\Microsoft\WindowsApps;
USERNAME=Darklarcel
OS=Windows_NT
PROCESSOR_IDENTIFIER=Intel64 Family 6 Model 60 Stepping 3, GenuineIntel



---------------  S Y S T E M  ---------------

OS: Windows 10.0 , 64 bit Build 15063 (10.0.15063.0)

CPU:total 4 (4 cores per cpu, 1 threads per core) family 6 model 60 stepping 3, cmov, cx8, fxsr, mmx, sse, sse2, sse3, ssse3, sse4.1, sse4.2, popcnt, avx, avx2, aes, clmul, erms, lzcnt, tsc, tscinvbit, bmi1, bmi2

Memory: 4k page, physical 8338132k(1304880k free), swap 8338132k(272k free)

vm_info: OpenJDK 64-Bit Server VM (25.112-b06) for windows-amd64 JRE (1.8.0_112-release-b06), built on Dec  8 2016 00:54:26 by "builder" with MS VC++ 10.0 (VS2010)

time: Tue Jun 27 17:37:22 2017
elapsed time: 0 seconds (0d 0h 0m 0s)

