#
# There is insufficient memory for the Java Runtime Environment to continue.
# Native memory allocation (malloc) failed to allocate 32744 bytes for ChunkPool::allocate
# Possible reasons:
#   The system is out of physical RAM or swap space
#   In 32 bit mode, the process size limit was hit
# Possible solutions:
#   Reduce memory load on the system
#   Increase physical memory or swap space
#   Check if swap backing store is full
#   Use 64 bit Java on a 64 bit OS
#   Decrease Java heap size (-Xmx/-Xms)
#   Decrease number of Java threads
#   Decrease Java thread stack sizes (-Xss)
#   Set larger code cache with -XX:ReservedCodeCacheSize=
# This output file may be truncated or incomplete.
#
#  Out of Memory Error (allocation.cpp:273), pid=9824, tid=0x000000000000267c
#
# JRE version: OpenJDK Runtime Environment (8.0_112-b06) (build 1.8.0_112-release-b06)
# Java VM: OpenJDK 64-Bit Server VM (25.112-b06 mixed mode windows-amd64 compressed oops)
# Failed to write core dump. Minidumps are not enabled by default on client versions of Windows
#

---------------  T H R E A D  ---------------

Current thread (0x0000000014ba6800):  JavaThread "C2 CompilerThread0" daemon [_thread_in_native, id=9852, stack(0x0000000016210000,0x0000000016310000)]

Stack: [0x0000000016210000,0x0000000016310000]
[error occurred during error reporting (printing stack bounds), id 0xc0000005]

Native frames: (J=compiled Java code, j=interpreted, Vv=VM code, C=native code)


Current CompileTask:
C2:    632 1258       4       com.android.dx.ssa.back.FirstFitLocalCombiningAllocator$1::visitNonMoveInsn (6 bytes)


---------------  P R O C E S S  ---------------

Java Threads: ( => current thread )
  0x000000001665f800 JavaThread "pool-2-thread-4" [_thread_blocked, id=3900, stack(0x0000000016f10000,0x0000000017010000)]
  0x000000001665f000 JavaThread "pool-2-thread-3" [_thread_in_Java, id=3836, stack(0x0000000016e10000,0x0000000016f10000)]
  0x000000001665e000 JavaThread "pool-2-thread-2" [_thread_in_Java, id=3084, stack(0x0000000016d10000,0x0000000016e10000)]
  0x00000000166f6000 JavaThread "pool-3-thread-1" [_thread_blocked, id=9416, stack(0x0000000016c10000,0x0000000016d10000)]
  0x00000000166f5800 JavaThread "pool-2-thread-1" [_thread_in_vm, id=8696, stack(0x0000000016b10000,0x0000000016c10000)]
  0x0000000016415000 JavaThread "Service Thread" daemon [_thread_blocked, id=6548, stack(0x0000000016910000,0x0000000016a10000)]
  0x0000000014c0c800 JavaThread "C1 CompilerThread2" daemon [_thread_in_native, id=6972, stack(0x0000000016810000,0x0000000016910000)]
  0x0000000014bb1800 JavaThread "C2 CompilerThread1" daemon [_thread_in_native, id=9968, stack(0x0000000016310000,0x0000000016410000)]
=>0x0000000014ba6800 JavaThread "C2 CompilerThread0" daemon [_thread_in_native, id=9852, stack(0x0000000016210000,0x0000000016310000)]
  0x0000000014bb7000 JavaThread "Attach Listener" daemon [_thread_blocked, id=2240, stack(0x0000000016110000,0x0000000016210000)]
  0x0000000014bb6000 JavaThread "Signal Dispatcher" daemon [_thread_blocked, id=8880, stack(0x0000000016010000,0x0000000016110000)]
  0x0000000002405800 JavaThread "Finalizer" daemon [_thread_blocked, id=5816, stack(0x0000000015e00000,0x0000000015f00000)]
  0x0000000002400000 JavaThread "Reference Handler" daemon [_thread_blocked, id=8724, stack(0x0000000015d00000,0x0000000015e00000)]
  0x0000000002310800 JavaThread "main" [_thread_in_vm, id=6160, stack(0x0000000002140000,0x0000000002240000)]

Other Threads:
  0x0000000014b74800 VMThread [stack: 0x0000000015c00000,0x0000000015d00000] [id=6788]
  0x0000000016416800 WatcherThread [stack: 0x0000000016a10000,0x0000000016b10000] [id=4284]

VM state:not at safepoint (normal execution)

VM Mutex/Monitor currently owned by a thread: None

Heap:
 PSYoungGen      total 38400K, used 29249K [0x00000000eab00000, 0x00000000ed580000, 0x0000000100000000)
  eden space 33280K, 72% used [0x00000000eab00000,0x00000000ec296c50,0x00000000ecb80000)
  from space 5120K, 99% used [0x00000000ecb80000,0x00000000ed079960,0x00000000ed080000)
  to   space 5120K, 0% used [0x00000000ed080000,0x00000000ed080000,0x00000000ed580000)
 ParOldGen       total 87552K, used 1220K [0x00000000c0000000, 0x00000000c5580000, 0x00000000eab00000)
  object space 87552K, 1% used [0x00000000c0000000,0x00000000c0131328,0x00000000c5580000)
 Metaspace       used 6000K, capacity 6960K, committed 7040K, reserved 1056768K
  class space    used 579K, capacity 616K, committed 640K, reserved 1048576K

Card table byte_map: [0x00000000118a0000,0x0000000011ab0000] byte_map_base: 0x00000000112a0000

Marking Bits: (ParMarkBitMap*) 0x00000000599218f0
 Begin Bits: [0x0000000012010000, 0x0000000013010000)
 End Bits:   [0x0000000013010000, 0x0000000014010000)

Polling page: 0x00000000006e0000

CodeCache: size=245760Kb used=4983Kb max_used=4983Kb free=240776Kb
 bounds [0x00000000024e0000, 0x00000000029d0000, 0x00000000114e0000]
 total_blobs=1533 nmethods=1265 adapters=182
 compilation: enabled

Compilation events (10 events):
Event: 0.629 Thread 0x0000000014c0c800 nmethod 1280 0x00000000029b9690 code [0x00000000029b9920, 0x00000000029ba8c8]
Event: 0.629 Thread 0x0000000014c0c800 1281       3       com.android.dx.ssa.SCCP::run (298 bytes)
Event: 0.629 Thread 0x0000000014c0c800 nmethod 1281 0x00000000029bb1d0 code [0x00000000029bb5a0, 0x00000000029bd548]
Event: 0.629 Thread 0x0000000014c0c800 1282       3       com.android.dx.ssa.PhiTypeResolver::run (179 bytes)
Event: 0.630 Thread 0x0000000014c0c800 nmethod 1282 0x00000000029be210 code [0x00000000029be4a0, 0x00000000029bf5e8]
Event: 0.630 Thread 0x0000000014c0c800 1284       3       com.android.dx.ssa.back.SsaToRop::convertBasicBlocks (151 bytes)
Event: 0.631 Thread 0x0000000014c0c800 nmethod 1284 0x00000000029bfe10 code [0x00000000029c0100, 0x00000000029c1998]
Event: 0.631 Thread 0x0000000014c0c800 1283       3       com.android.dx.ssa.SsaMethod::getCountReachableBlocks (44 bytes)
Event: 0.631 Thread 0x0000000014c0c800 nmethod 1283 0x00000000029ae950 code [0x00000000029aeb20, 0x00000000029af3b8]
Event: 0.631 Thread 0x0000000014c0c800 1289       3       com.android.dx.ssa.ConstCollector::getConstsSortedByCountUse (386 bytes)

GC Heap History (2 events):
Event: 0.510 GC heap before
{Heap before GC invocations=1 (full 0):
 PSYoungGen      total 38400K, used 33280K [0x00000000eab00000, 0x00000000ed580000, 0x0000000100000000)
  eden space 33280K, 100% used [0x00000000eab00000,0x00000000ecb80000,0x00000000ecb80000)
  from space 5120K, 0% used [0x00000000ed080000,0x00000000ed080000,0x00000000ed580000)
  to   space 5120K, 0% used [0x00000000ecb80000,0x00000000ecb80000,0x00000000ed080000)
 ParOldGen       total 87552K, used 0K [0x00000000c0000000, 0x00000000c5580000, 0x00000000eab00000)
  object space 87552K, 0% used [0x00000000c0000000,0x00000000c0000000,0x00000000c5580000)
 Metaspace       used 5880K, capacity 6832K, committed 7040K, reserved 1056768K
  class space    used 578K, capacity 616K, committed 640K, reserved 1048576K
Event: 0.514 GC heap after
Heap after GC invocations=1 (full 0):
 PSYoungGen      total 38400K, used 5094K [0x00000000eab00000, 0x00000000ed580000, 0x0000000100000000)
  eden space 33280K, 0% used [0x00000000eab00000,0x00000000eab00000,0x00000000ecb80000)
  from space 5120K, 99% used [0x00000000ecb80000,0x00000000ed079960,0x00000000ed080000)
  to   space 5120K, 0% used [0x00000000ed080000,0x00000000ed080000,0x00000000ed580000)
 ParOldGen       total 87552K, used 1220K [0x00000000c0000000, 0x00000000c5580000, 0x00000000eab00000)
  object space 87552K, 1% used [0x00000000c0000000,0x00000000c0131328,0x00000000c5580000)
 Metaspace       used 5880K, capacity 6832K, committed 7040K, reserved 1056768K
  class space    used 578K, capacity 616K, committed 640K, reserved 1048576K
}

Deoptimization events (2 events):
Event: 0.161 Thread 0x0000000002310800 Uncommon trap: reason=unstable_if action=reinterpret pc=0x0000000002625c5c method=java.lang.String.indexOf(II)I @ 49
Event: 0.384 Thread 0x000000001665f000 Uncommon trap: reason=unstable_if action=reinterpret pc=0x0000000002768704 method=com.android.dx.rop.code.RegisterSpec.equals(ILcom/android/dx/rop/type/TypeBearer;Lcom/android/dx/rop/code/LocalItem;)Z @ 42

Internal exceptions (2 events):
Event: 0.036 Thread 0x0000000002310800 Exception <a 'java/lang/NoSuchMethodError': Method sun.misc.Unsafe.defineClass(Ljava/lang/String;[BII)Ljava/lang/Class; name or signature does not match> (0x00000000eab07c78) thrown at [C:\src\android\AOSP-openjdk\external\jetbrains\jdk\hotspot\src\share\v€è«ì£Ø¢?
Event: 0.036 Thread 0x0000000002310800 Exception <a 'java/lang/NoSuchMethodError': Method sun.misc.Unsafe.prefetchRead(Ljava/lang/Object;J)V name or signature does not match> (0x00000000eab07f60) thrown at [C:\src\android\AOSP-openjdk\external\jetbrains\jdk\hotspot\src\share\vm\prims\jni.cpp, l

Events (10 events):
Event: 0.360 Executing VM operation: ForceSafepoint done
Event: 0.378 loading class java/util/DualPivotQuicksort
Event: 0.378 loading class java/util/DualPivotQuicksort done
Event: 0.384 Thread 0x000000001665f000 Uncommon trap: trap_request=0xffffff65 fr.pc=0x0000000002768704
Event: 0.384 Thread 0x000000001665f000 DEOPT PACKING pc=0x0000000002768704 sp=0x0000000016f0ec10
Event: 0.384 Thread 0x000000001665f000 DEOPT UNPACKING pc=0x000000000252556a sp=0x0000000016f0eb98 mode 2
Event: 0.509 Executing VM operation: ParallelGCFailedAllocation
Event: 0.514 Executing VM operation: ParallelGCFailedAllocation done
Event: 0.550 loading class com/android/dx/cf/attrib/AttExceptions
Event: 0.550 loading class com/android/dx/cf/attrib/AttExceptions done


Dynamic libraries:
0x00007ff71e880000 - 0x00007ff71e8b1000 	C:\Program Files\Android\Android Studio\jre\bin\java.exe
0x00007ffad98b0000 - 0x00007ffad9a8b000 	C:\Windows\SYSTEM32\ntdll.dll
0x00007ffad9340000 - 0x00007ffad93ee000 	C:\Windows\System32\KERNEL32.DLL
0x00007ffad6a50000 - 0x00007ffad6c99000 	C:\Windows\System32\KERNELBASE.dll
0x00007ffad90a0000 - 0x00007ffad9141000 	C:\Windows\System32\ADVAPI32.dll
0x00007ffad7090000 - 0x00007ffad712d000 	C:\Windows\System32\msvcrt.dll
0x00007ffad9150000 - 0x00007ffad91a9000 	C:\Windows\System32\sechost.dll
0x00007ffad9210000 - 0x00007ffad9335000 	C:\Windows\System32\RPCRT4.dll
0x00007ffad6e80000 - 0x00007ffad6fca000 	C:\Windows\System32\USER32.dll
0x00007ffad5ff0000 - 0x00007ffad600e000 	C:\Windows\System32\win32u.dll
0x00007ffad8650000 - 0x00007ffad8677000 	C:\Windows\System32\GDI32.dll
0x00007ffad6010000 - 0x00007ffad6199000 	C:\Windows\System32\gdi32full.dll
0x00007ffad61a0000 - 0x00007ffad623a000 	C:\Windows\System32\msvcp_win.dll
0x00007ffad6d10000 - 0x00007ffad6e06000 	C:\Windows\System32\ucrtbase.dll
0x00007fface260000 - 0x00007fface4c7000 	C:\Windows\WinSxS\amd64_microsoft.windows.common-controls_6595b64144ccf1df_6.0.15063.0_none_108e4f62dfe5d999\COMCTL32.dll
0x00007ffad8960000 - 0x00007ffad8c59000 	C:\Windows\System32\combase.dll
0x00007ffad6ca0000 - 0x00007ffad6d0a000 	C:\Windows\System32\bcryptPrimitives.dll
0x00007ffad8680000 - 0x00007ffad86ad000 	C:\Windows\System32\IMM32.DLL
0x0000000058fa0000 - 0x0000000059072000 	C:\Program Files\Android\Android Studio\jre\jre\bin\msvcr100.dll
0x0000000059160000 - 0x000000005999c000 	C:\Program Files\Android\Android Studio\jre\jre\bin\server\jvm.dll
0x00007ffad6e70000 - 0x00007ffad6e78000 	C:\Windows\System32\PSAPI.DLL
0x00007ffacf2f0000 - 0x00007ffacf2f9000 	C:\Windows\SYSTEM32\WSOCK32.dll
0x00007ffad87a0000 - 0x00007ffad880c000 	C:\Windows\System32\WS2_32.dll
0x00007ffad41e0000 - 0x00007ffad4203000 	C:\Windows\SYSTEM32\WINMM.dll
0x00007ffad1580000 - 0x00007ffad158a000 	C:\Windows\SYSTEM32\VERSION.dll
0x00007ffad40a0000 - 0x00007ffad40cb000 	C:\Windows\SYSTEM32\WINMMBASE.dll
0x00007ffad5dd0000 - 0x00007ffad5e19000 	C:\Windows\System32\cfgmgr32.dll
0x00007fface690000 - 0x00007fface69f000 	C:\Program Files\Android\Android Studio\jre\jre\bin\verify.dll
0x00007ffabd920000 - 0x00007ffabd949000 	C:\Program Files\Android\Android Studio\jre\jre\bin\java.dll
0x00007ffacd920000 - 0x00007ffacd936000 	C:\Program Files\Android\Android Studio\jre\jre\bin\zip.dll
0x00007ffad7130000 - 0x00007ffad8567000 	C:\Windows\System32\SHELL32.dll
0x00007ffad6fd0000 - 0x00007ffad707a000 	C:\Windows\System32\shcore.dll
0x00007ffad6240000 - 0x00007ffad6932000 	C:\Windows\System32\windows.storage.dll
0x00007ffad6e10000 - 0x00007ffad6e61000 	C:\Windows\System32\shlwapi.dll
0x00007ffad5d90000 - 0x00007ffad5da1000 	C:\Windows\System32\kernel.appcore.dll
0x00007ffad5d40000 - 0x00007ffad5d8c000 	C:\Windows\System32\powrprof.dll
0x00007ffad5d20000 - 0x00007ffad5d35000 	C:\Windows\System32\profapi.dll

VM Arguments:
jvm_args: -Djava.awt.headless=true -Xmx1024M -Dfile.encoding=windows-1252 -Duser.country=ES -Duser.language=es -Duser.variant 
java_command: com.android.dx.command.Main --dex --force-jumbo --num-threads=4 --multi-dex --output C:\Users\Darklarcel\Desktop\Clothes\app\build\intermediates\transforms\dex\debug\folders\1000\10\classes_8586748180615997bb501ea71247a401b6577daf C:\Users\Darklarcel\.android\build-cache\f546d0bec9006b6e07a520ccc865a47c49b924af\output\jars\classes.jar
java_class_path (initial): C:\Users\Darklarcel\AppData\Local\Android\sdk\build-tools\25.0.0\lib\dx.jar
Launcher Type: SUN_STANDARD

Environment Variables:
PATH=C:\Windows\system32;C:\Windows;C:\Windows\System32\Wbem;C:\Windows\System32\WindowsPowerShell\v1.0\;C:\Program Files (x86)\NVIDIA Corporation\PhysX\Common;C:\Users\Darklarcel\AppData\Local\Microsoft\WindowsApps;
USERNAME=Darklarcel
OS=Windows_NT
PROCESSOR_IDENTIFIER=Intel64 Family 6 Model 60 Stepping 3, GenuineIntel



---------------  S Y S T E M  ---------------

OS: Windows 10.0 , 64 bit Build 15063 (10.0.15063.0)

CPU:total 4 (4 cores per cpu, 1 threads per core) family 6 model 60 stepping 3, cmov, cx8, fxsr, mmx, sse, sse2, sse3, ssse3, sse4.1, sse4.2, popcnt, avx, avx2, aes, clmul, erms, lzcnt, tsc, tscinvbit, bmi1, bmi2

Memory: 4k page, physical 8338132k(1326288k free), swap 8338132k(4144k free)

vm_info: OpenJDK 64-Bit Server VM (25.112-b06) for windows-amd64 JRE (1.8.0_112-release-b06), built on Dec  8 2016 00:54:26 by "builder" with MS VC++ 10.0 (VS2010)

time: Tue Jun 27 17:37:55 2017
elapsed time: 0 seconds (0d 0h 0m 0s)

