#
# A fatal error has been detected by the Java Runtime Environment:
#
#  EXCEPTION_ACCESS_VIOLATION (0xc0000005) at pc=0x000000005934b947, pid=1824, tid=0x00000000000025bc
#
# JRE version: OpenJDK Runtime Environment (8.0_112-b06) (build 1.8.0_112-release-b06)
# Java VM: OpenJDK 64-Bit Server VM (25.112-b06 mixed mode windows-amd64 compressed oops)
# Problematic frame:
# V  [jvm.dll+0x1eb947]
#
# Failed to write core dump. Minidumps are not enabled by default on client versions of Windows
#
# If you would like to submit a bug report, please visit:
#   http://bugreport.java.com/bugreport/crash.jsp
#

---------------  T H R E A D  ---------------

Current thread (0x00000000174a7000):  JavaThread "pool-2-thread-4" [_thread_in_vm, id=9660, stack(0x0000000017c40000,0x0000000017d40000)]

siginfo: ExceptionCode=0xc0000005, writing address 0x0000000017d39530

Registers:
RAX=0x0000000017d39530, RBX=0x0000000000000007, RCX=0x0000000000006000, RDX=0x0000000000000006
RSP=0x0000000017d3f530, RBP=0x0000000000000000, RSI=0x0000000017d3f530, RDI=0x0000000000000007
R8 =0x0000000000000006, R9 =0x00000000173a5020, R10=0x0000000014f5d8f0, R11=0x0000000017c4a148
R12=0x00000000173a5020, R13=0x00000000174a7000, R14=0x0000000017d3f5f8, R15=0x0000000014f5d8f0
RIP=0x000000005934b947, EFLAGS=0x0000000000010206

Top of Stack: (sp=0x0000000017d3f530)
0x0000000017d3f530:   0000000017d3f730 00007ffad98b0000
0x0000000017d3f540:   00000000174a7000 00000000173a5020
0x0000000017d3f550:   00000000ffffffff 000000005934c877
0x0000000017d3f560:   0000000017d3f660 0000000014f5d8f0
0x0000000017d3f570:   00000000174a7000 00000000591fae33
0x0000000017d3f580:   0000000017d3f5c0 00000000174a7000
0x0000000017d3f590:   0000000017d3f650 00000000174a7000
0x0000000017d3f5a0:   0000000014f5d8f0 00000000174a7000
0x0000000017d3f5b0:   0000000003212f40 00000000174a7000
0x0000000017d3f5c0:   0000000014f5d8f0 00000000174a7000
0x0000000017d3f5d0:   0000000014f5d8f0 00000000174a7000
0x0000000017d3f5e0:   0000000000000001 0000000014f5d8f0
0x0000000017d3f5f0:   00000000174a7000 0000000017246ff0
0x0000000017d3f600:   00000000174a7000 00000000591fc31d
0x0000000017d3f610:   0000000017d3f918 00000001000066b0
0x0000000017d3f620:   00000001000066b0 00007ffad9929bd6 

Instructions: (pc=0x000000005934b947)
0x000000005934b927:   48 89 6c 24 30 33 ed 66 90 e8 cb b8 07 00 ff c3
0x000000005934b937:   48 63 c8 48 8b c6 48 0f af cf 48 ff c7 48 2b c1
0x000000005934b947:   89 28 48 63 c3 48 3b 05 45 2c 57 00 7e db 48 8b
0x000000005934b957:   6c 24 30 48 8b 5c 24 38 48 8b 74 24 40 48 83 c4 


Register to memory mapping:

RAX=0x0000000017d39530 is pointing into the stack for thread: 0x00000000174a7000
RBX=0x0000000000000007 is an unknown value
RCX=0x0000000000006000 is an unknown value
RDX=0x0000000000000006 is an unknown value
RSP=0x0000000017d3f530 is pointing into the stack for thread: 0x00000000174a7000
RBP=0x0000000000000000 is an unknown value
RSI=0x0000000017d3f530 is pointing into the stack for thread: 0x00000000174a7000
RDI=0x0000000000000007 is an unknown value
R8 =0x0000000000000006 is an unknown value
R9 =0x00000000173a5020 is an unknown value
R10={method} {0x0000000014f5d8f8} 'run' '()V' in 'java/lang/Thread'
R11=0x0000000017c4a148 is pointing into the stack for thread: 0x00000000174a7000
R12=0x00000000173a5020 is an unknown value
R13=0x00000000174a7000 is a thread
R14=0x0000000017d3f5f8 is pointing into the stack for thread: 0x00000000174a7000
R15={method} {0x0000000014f5d8f8} 'run' '()V' in 'java/lang/Thread'


Stack: [0x0000000017c40000,0x0000000017d40000],  sp=0x0000000017d3f530,  free space=1021k
Native frames: (J=compiled Java code, j=interpreted, Vv=VM code, C=native code)


---------------  P R O C E S S  ---------------

Java Threads: ( => current thread )
=>0x00000000174a7000 JavaThread "pool-2-thread-4" [_thread_in_vm, id=9660, stack(0x0000000017c40000,0x0000000017d40000)]
  0x0000000017493000 JavaThread "pool-2-thread-3" [_thread_in_Java, id=8140, stack(0x0000000017b40000,0x0000000017c40000)]
  0x000000001748e800 JavaThread "pool-2-thread-2" [_thread_in_Java, id=3348, stack(0x0000000017a40000,0x0000000017b40000)]
  0x00000000173ab800 JavaThread "pool-3-thread-1" [_thread_blocked, id=5944, stack(0x0000000017940000,0x0000000017a40000)]
  0x00000000173aa000 JavaThread "pool-2-thread-1" [_thread_blocked, id=8900, stack(0x0000000017840000,0x0000000017940000)]
  0x0000000017244800 JavaThread "Service Thread" daemon [_thread_blocked, id=7944, stack(0x0000000017640000,0x0000000017740000)]
  0x000000001592b000 JavaThread "C1 CompilerThread2" daemon [_thread_blocked, id=3216, stack(0x0000000017140000,0x0000000017240000)]
  0x0000000015924800 JavaThread "C2 CompilerThread1" daemon [_thread_blocked, id=8856, stack(0x0000000017040000,0x0000000017140000)]
  0x00000000158d6800 JavaThread "C2 CompilerThread0" daemon [_thread_blocked, id=2928, stack(0x0000000016f40000,0x0000000017040000)]
  0x00000000158d5000 JavaThread "Attach Listener" daemon [_thread_blocked, id=5316, stack(0x0000000016e40000,0x0000000016f40000)]
  0x00000000158d4000 JavaThread "Signal Dispatcher" daemon [_thread_blocked, id=5716, stack(0x0000000016d40000,0x0000000016e40000)]
  0x0000000003105800 JavaThread "Finalizer" daemon [_thread_blocked, id=7960, stack(0x0000000016b30000,0x0000000016c30000)]
  0x0000000003100000 JavaThread "Reference Handler" daemon [_thread_blocked, id=10236, stack(0x0000000016a30000,0x0000000016b30000)]
  0x0000000003010800 JavaThread "main" [_thread_blocked, id=6888, stack(0x0000000002e20000,0x0000000002f20000)]

Other Threads:
  0x0000000015893800 VMThread [stack: 0x0000000016930000,0x0000000016a30000] [id=3928]
  0x0000000017246000 WatcherThread [stack: 0x0000000017740000,0x0000000017840000] [id=8276]

VM state:not at safepoint (normal execution)

VM Mutex/Monitor currently owned by a thread: None

Heap:
 PSYoungGen      total 38400K, used 19329K [0x00000000eab00000, 0x00000000ed580000, 0x0000000100000000)
  eden space 33280K, 58% used [0x00000000eab00000,0x00000000ebde0600,0x00000000ecb80000)
  from space 5120K, 0% used [0x00000000ed080000,0x00000000ed080000,0x00000000ed580000)
  to   space 5120K, 0% used [0x00000000ecb80000,0x00000000ecb80000,0x00000000ed080000)
 ParOldGen       total 87552K, used 0K [0x00000000c0000000, 0x00000000c5580000, 0x00000000eab00000)
  object space 87552K, 0% used [0x00000000c0000000,0x00000000c0000000,0x00000000c5580000)
 Metaspace       used 5698K, capacity 6768K, committed 7040K, reserved 1056768K
  class space    used 579K, capacity 616K, committed 640K, reserved 1048576K

Card table byte_map: [0x00000000125c0000,0x00000000127d0000] byte_map_base: 0x0000000011fc0000

Marking Bits: (ParMarkBitMap*) 0x00000000599218f0
 Begin Bits: [0x0000000012d30000, 0x0000000013d30000)
 End Bits:   [0x0000000013d30000, 0x0000000014d30000)

Polling page: 0x0000000001220000

CodeCache: size=245760Kb used=2604Kb max_used=2618Kb free=243155Kb
 bounds [0x0000000003200000, 0x00000000034a0000, 0x0000000012200000]
 total_blobs=905 nmethods=636 adapters=182
 compilation: disabled (not enough contiguous free space left)

Compilation events (10 events):
Event: 0.653 Thread 0x000000001592b000  640       3       com.android.dx.ssa.SsaBasicBlock::getPhiInsns (13 bytes)
Event: 0.653 Thread 0x000000001592b000 nmethod 640 0x0000000003489050 code [0x00000000034891e0, 0x00000000034894c8]
Event: 0.653 Thread 0x000000001592b000  641       3       com.android.dx.ssa.back.FirstFitLocalCombiningAllocator::getParameterIndexForReg (55 bytes)
Event: 0.653 Thread 0x000000001592b000 nmethod 641 0x00000000034869d0 code [0x0000000003486b80, 0x0000000003487468]
Event: 0.653 Thread 0x000000001592b000  642       3       com.android.dx.rop.code.ThrowingCstInsn::<init> (51 bytes)
Event: 0.654 Thread 0x000000001592b000 nmethod 642 0x0000000003485e90 code [0x0000000003486060, 0x0000000003486658]
Event: 0.654 Thread 0x000000001592b000  645   !   3       com.android.dx.rop.code.BasicBlock::<init> (273 bytes)
Event: 0.654 Thread 0x00000000158d6800  648       4       com.android.dx.rop.code.RegisterSpecList::get (9 bytes)
Event: 0.655 Thread 0x00000000158d6800 

Event: 0.655 Thread 0x000000001592b000 


GC Heap History (0 events):
No events

Deoptimization events (2 events):
Event: 0.163 Thread 0x0000000003010800 Uncommon trap: reason=unstable_if action=reinterpret pc=0x00000000033437d4 method=java.lang.String.indexOf(II)I @ 49
Event: 0.496 Thread 0x0000000003010800 Uncommon trap: reason=unstable_if action=reinterpret pc=0x00000000034176dc method=java.util.HashMap.getNode(ILjava/lang/Object;)Ljava/util/HashMap$Node; @ 129

Internal exceptions (2 events):
Event: 0.022 Thread 0x0000000003010800 Exception <a 'java/lang/NoSuchMethodError': Method sun.misc.Unsafe.defineClass(Ljava/lang/String;[BII)Ljava/lang/Class; name or signature does not match> (0x00000000eab07c78) thrown at [C:\src\android\AOSP-openjdk\external\jetbrains\jdk\hotspot\src\share\võCâð„j–?
Event: 0.022 Thread 0x0000000003010800 Exception <a 'java/lang/NoSuchMethodError': Method sun.misc.Unsafe.prefetchRead(Ljava/lang/Object;J)V name or signature does not match> (0x00000000eab07f60) thrown at [C:\src\android\AOSP-openjdk\external\jetbrains\jdk\hotspot\src\share\vm\prims\jni.cpp, l

Events (10 events):
Event: 0.496 Thread 0x0000000003010800 DEOPT PACKING pc=0x00000000034176dc sp=0x0000000002f1e210
Event: 0.496 Thread 0x0000000003010800 DEOPT UNPACKING pc=0x000000000324556a sp=0x0000000002f1e188 mode 2
Event: 0.501 loading class com/android/dx/cf/code/SwitchList
Event: 0.501 loading class com/android/dx/cf/code/SwitchList done
Event: 0.504 loading class java/util/HashMap$KeySet
Event: 0.504 loading class java/util/HashMap$KeySet done
Event: 0.504 loading class java/util/HashMap$KeyIterator
Event: 0.504 loading class java/util/HashMap$KeyIterator done
Event: 0.504 Executing VM operation: ForceSafepoint
Event: 0.652 Executing VM operation: ForceSafepoint done


Dynamic libraries:
0x00007ff71e880000 - 0x00007ff71e8b1000 	C:\Program Files\Android\Android Studio\jre\bin\java.exe
0x00007ffad98b0000 - 0x00007ffad9a8b000 	C:\Windows\SYSTEM32\ntdll.dll
0x00007ffad9340000 - 0x00007ffad93ee000 	C:\Windows\System32\KERNEL32.DLL
0x00007ffad6a50000 - 0x00007ffad6c99000 	C:\Windows\System32\KERNELBASE.dll
0x00007ffad90a0000 - 0x00007ffad9141000 	C:\Windows\System32\ADVAPI32.dll
0x00007ffad7090000 - 0x00007ffad712d000 	C:\Windows\System32\msvcrt.dll
0x00007ffad9150000 - 0x00007ffad91a9000 	C:\Windows\System32\sechost.dll
0x00007ffad9210000 - 0x00007ffad9335000 	C:\Windows\System32\RPCRT4.dll
0x00007ffad6e80000 - 0x00007ffad6fca000 	C:\Windows\System32\USER32.dll
0x00007ffad5ff0000 - 0x00007ffad600e000 	C:\Windows\System32\win32u.dll
0x00007ffad8650000 - 0x00007ffad8677000 	C:\Windows\System32\GDI32.dll
0x00007ffad6010000 - 0x00007ffad6199000 	C:\Windows\System32\gdi32full.dll
0x00007ffad61a0000 - 0x00007ffad623a000 	C:\Windows\System32\msvcp_win.dll
0x00007ffad6d10000 - 0x00007ffad6e06000 	C:\Windows\System32\ucrtbase.dll
0x00007fface260000 - 0x00007fface4c7000 	C:\Windows\WinSxS\amd64_microsoft.windows.common-controls_6595b64144ccf1df_6.0.15063.0_none_108e4f62dfe5d999\COMCTL32.dll
0x00007ffad8960000 - 0x00007ffad8c59000 	C:\Windows\System32\combase.dll
0x00007ffad6ca0000 - 0x00007ffad6d0a000 	C:\Windows\System32\bcryptPrimitives.dll
0x00007ffad8680000 - 0x00007ffad86ad000 	C:\Windows\System32\IMM32.DLL
0x0000000058fa0000 - 0x0000000059072000 	C:\Program Files\Android\Android Studio\jre\jre\bin\msvcr100.dll
0x0000000059160000 - 0x000000005999c000 	C:\Program Files\Android\Android Studio\jre\jre\bin\server\jvm.dll
0x00007ffad6e70000 - 0x00007ffad6e78000 	C:\Windows\System32\PSAPI.DLL
0x00007ffacf2f0000 - 0x00007ffacf2f9000 	C:\Windows\SYSTEM32\WSOCK32.dll
0x00007ffad87a0000 - 0x00007ffad880c000 	C:\Windows\System32\WS2_32.dll
0x00007ffad41e0000 - 0x00007ffad4203000 	C:\Windows\SYSTEM32\WINMM.dll
0x00007ffad1580000 - 0x00007ffad158a000 	C:\Windows\SYSTEM32\VERSION.dll
0x00007ffad40a0000 - 0x00007ffad40cb000 	C:\Windows\SYSTEM32\WINMMBASE.dll
0x00007ffad5dd0000 - 0x00007ffad5e19000 	C:\Windows\System32\cfgmgr32.dll
0x00007fface690000 - 0x00007fface69f000 	C:\Program Files\Android\Android Studio\jre\jre\bin\verify.dll
0x00007ffabd920000 - 0x00007ffabd949000 	C:\Program Files\Android\Android Studio\jre\jre\bin\java.dll
0x00007ffacd920000 - 0x00007ffacd936000 	C:\Program Files\Android\Android Studio\jre\jre\bin\zip.dll
0x00007ffad7130000 - 0x00007ffad8567000 	C:\Windows\System32\SHELL32.dll
0x00007ffad6fd0000 - 0x00007ffad707a000 	C:\Windows\System32\shcore.dll
0x00007ffad6240000 - 0x00007ffad6932000 	C:\Windows\System32\windows.storage.dll
0x00007ffad6e10000 - 0x00007ffad6e61000 	C:\Windows\System32\shlwapi.dll
0x00007ffad5d90000 - 0x00007ffad5da1000 	C:\Windows\System32\kernel.appcore.dll
0x00007ffad5d40000 - 0x00007ffad5d8c000 	C:\Windows\System32\powrprof.dll
0x00007ffad5d20000 - 0x00007ffad5d35000 	C:\Windows\System32\profapi.dll
0x00007ffac45f0000 - 0x00007ffac4799000 	C:\Windows\SYSTEM32\dbghelp.dll

VM Arguments:
jvm_args: -Djava.awt.headless=true -Xmx1024M -Dfile.encoding=windows-1252 -Duser.country=ES -Duser.language=es -Duser.variant 
java_command: com.android.dx.command.Main --dex --force-jumbo --num-threads=4 --multi-dex --output C:\Users\Darklarcel\Desktop\Clothes\app\build\intermediates\transforms\dex\debug\folders\1000\10\classes_bce13ecd1668aed578f383f88b80b6fdc3f0ffdd C:\Users\Darklarcel\.android\build-cache\8c39209aa9a1415d9ff68f23159a5ee3da2c2ce6\output\jars\classes.jar
java_class_path (initial): C:\Users\Darklarcel\AppData\Local\Android\sdk\build-tools\25.0.0\lib\dx.jar
Launcher Type: SUN_STANDARD

Environment Variables:
PATH=C:\Windows\system32;C:\Windows;C:\Windows\System32\Wbem;C:\Windows\System32\WindowsPowerShell\v1.0\;C:\Program Files (x86)\NVIDIA Corporation\PhysX\Common;C:\Users\Darklarcel\AppData\Local\Microsoft\WindowsApps;
USERNAME=Darklarcel
OS=Windows_NT
PROCESSOR_IDENTIFIER=Intel64 Family 6 Model 60 Stepping 3, GenuineIntel



---------------  S Y S T E M  ---------------

OS: Windows 10.0 , 64 bit Build 15063 (10.0.15063.0)

CPU:total 4 (4 cores per cpu, 1 threads per core) family 6 model 60 stepping 3, cmov, cx8, fxsr, mmx, sse, sse2, sse3, ssse3, sse4.1, sse4.2, popcnt, avx, avx2, aes, clmul, erms, lzcnt, tsc, tscinvbit, bmi1, bmi2

Memory: 4k page, physical 8338132k(1333920k free), swap 8338132k(72500k free)

vm_info: OpenJDK 64-Bit Server VM (25.112-b06) for windows-amd64 JRE (1.8.0_112-release-b06), built on Dec  8 2016 00:54:26 by "builder" with MS VC++ 10.0 (VS2010)

time: Tue Jun 27 17:37:55 2017
elapsed time: 0 seconds (0d 0h 0m 0s)

